Request received: {"token":"eyJ0eXAiOiJKV1QiLCJhbGciOiJIUzI1NiJ9.eyJ1c2VyX2lkIjoxLCJ1c2VybmFtZSI6ImFsZXhtaWhhaSIsImV4cCI6MTczNjMwNzMxMH0._sXteE9jYtCvz4G2srLJ82XUSepsRdjHN2yRMW826XQ"}
Request received: {"token":"eyJ0eXAiOiJKV1QiLCJhbGciOiJIUzI1NiJ9.eyJ1c2VyX2lkIjoxLCJ1c2VybmFtZSI6ImFsZXhtaWhhaSIsImV4cCI6MTczNjMwNzMxMH0._sXteE9jYtCvz4G2srLJ82XUSepsRdjHN2yRMW826XQ"}
Request received: {"token":"eyJ0eXAiOiJKV1QiLCJhbGciOiJIUzI1NiJ9.eyJ1c2VyX2lkIjoxLCJ1c2VybmFtZSI6ImFsZXhtaWhhaSIsImV4cCI6MTczNjMwNzMxMH0._sXteE9jYtCvz4G2srLJ82XUSepsRdjHN2yRMW826XQ"}
Request received: {"token":"eyJ0eXAiOiJKV1QiLCJhbGciOiJIUzI1NiJ9.eyJ1c2VyX2lkIjoxLCJ1c2VybmFtZSI6ImFsZXhtaWhhaSIsImV4cCI6MTczNjMwNzMxMH0._sXteE9jYtCvz4G2srLJ82XUSepsRdjHN2yRMW826XQ"}
Request received: {"token":"eyJ0eXAiOiJKV1QiLCJhbGciOiJIUzI1NiJ9.eyJ1c2VyX2lkIjoxLCJ1c2VybmFtZSI6ImFsZXhtaWhhaSIsImV4cCI6MTczNjMwNzMxMH0._sXteE9jYtCvz4G2srLJ82XUSepsRdjHN2yRMW826XQ"}
Request received: {"token":"eyJ0eXAiOiJKV1QiLCJhbGciOiJIUzI1NiJ9.eyJ1c2VyX2lkIjoxLCJ1c2VybmFtZSI6ImFsZXhtaWhhaSIsImV4cCI6MTczNjMwNzMxMH0._sXteE9jYtCvz4G2srLJ82XUSepsRdjHN2yRMW826XQ"}
Request received: {"token":"eyJ0eXAiOiJKV1QiLCJhbGciOiJIUzI1NiJ9.eyJ1c2VyX2lkIjoxLCJ1c2VybmFtZSI6ImFsZXhtaWhhaSIsImV4cCI6MTczNjMwNzMxMH0._sXteE9jYtCvz4G2srLJ82XUSepsRdjHN2yRMW826XQ"}
Request received: {"token":"eyJ0eXAiOiJKV1QiLCJhbGciOiJIUzI1NiJ9.eyJ1c2VyX2lkIjoxLCJ1c2VybmFtZSI6ImFsZXhtaWhhaSIsImV4cCI6MTczNjMwNzMxMH0._sXteE9jYtCvz4G2srLJ82XUSepsRdjHN2yRMW826XQ"}
Request received: {"token":"eyJ0eXAiOiJKV1QiLCJhbGciOiJIUzI1NiJ9.eyJ1c2VyX2lkIjoxLCJ1c2VybmFtZSI6ImFsZXhtaWhhaSIsImV4cCI6MTczNjkxOTM5Mn0.NMhhyQvSC1UrplmRTb7pfBnoLghc8DAjsvqhWzU_lDI"}
Request received: {"token":"eyJ0eXAiOiJKV1QiLCJhbGciOiJIUzI1NiJ9.eyJ1c2VyX2lkIjoxLCJ1c2VybmFtZSI6ImFsZXhtaWhhaSIsImV4cCI6MTczNjkxOTM5Mn0.NMhhyQvSC1UrplmRTb7pfBnoLghc8DAjsvqhWzU_lDI"}
Invalid token: Expired token
Request received: {"token":"eyJ0eXAiOiJKV1QiLCJhbGciOiJIUzI1NiJ9.eyJ1c2VyX2lkIjoxLCJ1c2VybmFtZSI6ImFsZXhtaWhhaSIsImV4cCI6MTczNzAyODE1OH0.ez6rtmzAfjMJf_A9Yk5vLwk_9Ocz4auX1AiSEUDuJ8s"}
Request received: {"token":"eyJ0eXAiOiJKV1QiLCJhbGciOiJIUzI1NiJ9.eyJ1c2VyX2lkIjoxLCJ1c2VybmFtZSI6ImFsZXhtaWhhaSIsImV4cCI6MTczNzAyODE1OH0.ez6rtmzAfjMJf_A9Yk5vLwk_9Ocz4auX1AiSEUDuJ8s"}
Request received: {"token":"eyJ0eXAiOiJKV1QiLCJhbGciOiJIUzI1NiJ9.eyJ1c2VyX2lkIjoxLCJ1c2VybmFtZSI6ImFsZXhtaWhhaSIsImV4cCI6MTczNzAyODE1OH0.ez6rtmzAfjMJf_A9Yk5vLwk_9Ocz4auX1AiSEUDuJ8s"}
Request received: {"token":"eyJ0eXAiOiJKV1QiLCJhbGciOiJIUzI1NiJ9.eyJ1c2VyX2lkIjoxLCJ1c2VybmFtZSI6ImFsZXhtaWhhaSIsImV4cCI6MTczNzAyODE1OH0.ez6rtmzAfjMJf_A9Yk5vLwk_9Ocz4auX1AiSEUDuJ8s"}
Request received: {"token":"eyJ0eXAiOiJKV1QiLCJhbGciOiJIUzI1NiJ9.eyJ1c2VyX2lkIjoxLCJ1c2VybmFtZSI6ImFsZXhtaWhhaSIsImV4cCI6MTczNzAyODE1OH0.ez6rtmzAfjMJf_A9Yk5vLwk_9Ocz4auX1AiSEUDuJ8s"}
Request received: {"token":"eyJ0eXAiOiJKV1QiLCJhbGciOiJIUzI1NiJ9.eyJ1c2VyX2lkIjoxLCJ1c2VybmFtZSI6ImFsZXhtaWhhaSIsImV4cCI6MTczNzAyODE1OH0.ez6rtmzAfjMJf_A9Yk5vLwk_9Ocz4auX1AiSEUDuJ8s"}
Request received: {"token":"eyJ0eXAiOiJKV1QiLCJhbGciOiJIUzI1NiJ9.eyJ1c2VyX2lkIjoxLCJ1c2VybmFtZSI6ImFsZXhtaWhhaSIsImV4cCI6MTczNzAyODE1OH0.ez6rtmzAfjMJf_A9Yk5vLwk_9Ocz4auX1AiSEUDuJ8s"}
Request received: {"token":"eyJ0eXAiOiJKV1QiLCJhbGciOiJIUzI1NiJ9.eyJ1c2VyX2lkIjoxLCJ1c2VybmFtZSI6ImFsZXhtaWhhaSIsImV4cCI6MTczNzAyODE1OH0.ez6rtmzAfjMJf_A9Yk5vLwk_9Ocz4auX1AiSEUDuJ8s"}
Request received: {"token":"eyJ0eXAiOiJKV1QiLCJhbGciOiJIUzI1NiJ9.eyJ1c2VyX2lkIjoxLCJ1c2VybmFtZSI6ImFsZXhtaWhhaSIsImV4cCI6MTczNzAyODE1OH0.ez6rtmzAfjMJf_A9Yk5vLwk_9Ocz4auX1AiSEUDuJ8s"}
Request received: {"token":"eyJ0eXAiOiJKV1QiLCJhbGciOiJIUzI1NiJ9.eyJ1c2VyX2lkIjoxLCJ1c2VybmFtZSI6ImFsZXhtaWhhaSIsImV4cCI6MTczNzAyODE1OH0.ez6rtmzAfjMJf_A9Yk5vLwk_9Ocz4auX1AiSEUDuJ8s"}
Request received: {"token":"eyJ0eXAiOiJKV1QiLCJhbGciOiJIUzI1NiJ9.eyJ1c2VyX2lkIjoxLCJ1c2VybmFtZSI6ImFsZXhtaWhhaSIsImV4cCI6MTczNzAyOTE0MX0.y9_QEAnZcAXmjA_9ZDM3GFRXAZyIsqvGATFmDOPtDdY"}
Invalid token: Expired token
Request received: {"token":"eyJ0eXAiOiJKV1QiLCJhbGciOiJIUzI1NiJ9.eyJ1c2VyX2lkIjoxLCJ1c2VybmFtZSI6ImFsZXhtaWhhaSIsImV4cCI6MTczNzAzODQ3MH0.YwOYHRnJQpBwypRIWjgLI6pJAXmHCNacew5RiPozu-8"}
Request received: {"token":"eyJ0eXAiOiJKV1QiLCJhbGciOiJIUzI1NiJ9.eyJ1c2VyX2lkIjoxLCJ1c2VybmFtZSI6ImFsZXhtaWhhaSIsImV4cCI6MTczNzAzODQ3MH0.YwOYHRnJQpBwypRIWjgLI6pJAXmHCNacew5RiPozu-8"}
Request received: {"token":"eyJ0eXAiOiJKV1QiLCJhbGciOiJIUzI1NiJ9.eyJ1c2VyX2lkIjoxLCJ1c2VybmFtZSI6ImFsZXhtaWhhaSIsImV4cCI6MTczNzAzODQ3MH0.YwOYHRnJQpBwypRIWjgLI6pJAXmHCNacew5RiPozu-8"}
Request received: {"token":"eyJ0eXAiOiJKV1QiLCJhbGciOiJIUzI1NiJ9.eyJ1c2VyX2lkIjoxLCJ1c2VybmFtZSI6ImFsZXhtaWhhaSIsImV4cCI6MTczNzAzODQ3MH0.YwOYHRnJQpBwypRIWjgLI6pJAXmHCNacew5RiPozu-8"}
Request received: {"token":"eyJ0eXAiOiJKV1QiLCJhbGciOiJIUzI1NiJ9.eyJ1c2VyX2lkIjoxLCJ1c2VybmFtZSI6ImFsZXhtaWhhaSIsImV4cCI6MTczNzAzODQ3MH0.YwOYHRnJQpBwypRIWjgLI6pJAXmHCNacew5RiPozu-8"}
Request received: {"token":"eyJ0eXAiOiJKV1QiLCJhbGciOiJIUzI1NiJ9.eyJ1c2VyX2lkIjoxLCJ1c2VybmFtZSI6ImFsZXhtaWhhaSIsImV4cCI6MTczNzAzODQ3MH0.YwOYHRnJQpBwypRIWjgLI6pJAXmHCNacew5RiPozu-8"}
Request received: {"token":"eyJ0eXAiOiJKV1QiLCJhbGciOiJIUzI1NiJ9.eyJ1c2VyX2lkIjoxLCJ1c2VybmFtZSI6ImFsZXhtaWhhaSIsImV4cCI6MTczNzAzODQ3MH0.YwOYHRnJQpBwypRIWjgLI6pJAXmHCNacew5RiPozu-8"}
Request received: {"token":"eyJ0eXAiOiJKV1QiLCJhbGciOiJIUzI1NiJ9.eyJ1c2VyX2lkIjoxLCJ1c2VybmFtZSI6ImFsZXhtaWhhaSIsImV4cCI6MTczNzAzODQ3MH0.YwOYHRnJQpBwypRIWjgLI6pJAXmHCNacew5RiPozu-8"}
Request received: {"token":"eyJ0eXAiOiJKV1QiLCJhbGciOiJIUzI1NiJ9.eyJ1c2VyX2lkIjoxLCJ1c2VybmFtZSI6ImFsZXhtaWhhaSIsImV4cCI6MTczNzAzODQ3MH0.YwOYHRnJQpBwypRIWjgLI6pJAXmHCNacew5RiPozu-8"}
Request received: {"token":"eyJ0eXAiOiJKV1QiLCJhbGciOiJIUzI1NiJ9.eyJ1c2VyX2lkIjoxLCJ1c2VybmFtZSI6ImFsZXhtaWhhaSIsImV4cCI6MTczNzAzODQ3MH0.YwOYHRnJQpBwypRIWjgLI6pJAXmHCNacew5RiPozu-8"}
Request received: {"token":"eyJ0eXAiOiJKV1QiLCJhbGciOiJIUzI1NiJ9.eyJ1c2VyX2lkIjoxLCJ1c2VybmFtZSI6ImFsZXhtaWhhaSIsImV4cCI6MTczNzAzODQ3MH0.YwOYHRnJQpBwypRIWjgLI6pJAXmHCNacew5RiPozu-8"}
Request received: {"token":"eyJ0eXAiOiJKV1QiLCJhbGciOiJIUzI1NiJ9.eyJ1c2VyX2lkIjoxLCJ1c2VybmFtZSI6ImFsZXhtaWhhaSIsImV4cCI6MTczNzAzODQ3MH0.YwOYHRnJQpBwypRIWjgLI6pJAXmHCNacew5RiPozu-8"}
Request received: {"token":"eyJ0eXAiOiJKV1QiLCJhbGciOiJIUzI1NiJ9.eyJ1c2VyX2lkIjoxLCJ1c2VybmFtZSI6ImFsZXhtaWhhaSIsImV4cCI6MTczNzAzODQ3MH0.YwOYHRnJQpBwypRIWjgLI6pJAXmHCNacew5RiPozu-8"}
Request received: {"token":"eyJ0eXAiOiJKV1QiLCJhbGciOiJIUzI1NiJ9.eyJ1c2VyX2lkIjoxLCJ1c2VybmFtZSI6ImFsZXhtaWhhaSIsImV4cCI6MTczNzAzODQ3MH0.YwOYHRnJQpBwypRIWjgLI6pJAXmHCNacew5RiPozu-8"}
Request received: {"token":"eyJ0eXAiOiJKV1QiLCJhbGciOiJIUzI1NiJ9.eyJ1c2VyX2lkIjoxLCJ1c2VybmFtZSI6ImFsZXhtaWhhaSIsImV4cCI6MTczNzAzODQ3MH0.YwOYHRnJQpBwypRIWjgLI6pJAXmHCNacew5RiPozu-8"}
Request received: {"token":"eyJ0eXAiOiJKV1QiLCJhbGciOiJIUzI1NiJ9.eyJ1c2VyX2lkIjoxLCJ1c2VybmFtZSI6ImFsZXhtaWhhaSIsImV4cCI6MTczNzAzODQ3MH0.YwOYHRnJQpBwypRIWjgLI6pJAXmHCNacew5RiPozu-8"}
Request received: {"token":"eyJ0eXAiOiJKV1QiLCJhbGciOiJIUzI1NiJ9.eyJ1c2VyX2lkIjoxLCJ1c2VybmFtZSI6ImFsZXhtaWhhaSIsImV4cCI6MTczNzAzODQ3MH0.YwOYHRnJQpBwypRIWjgLI6pJAXmHCNacew5RiPozu-8"}
Request received: {"token":"eyJ0eXAiOiJKV1QiLCJhbGciOiJIUzI1NiJ9.eyJ1c2VyX2lkIjoxLCJ1c2VybmFtZSI6ImFsZXhtaWhhaSIsImV4cCI6MTczNzAzODQ3MH0.YwOYHRnJQpBwypRIWjgLI6pJAXmHCNacew5RiPozu-8"}
Request received: {"token":"eyJ0eXAiOiJKV1QiLCJhbGciOiJIUzI1NiJ9.eyJ1c2VyX2lkIjoxLCJ1c2VybmFtZSI6ImFsZXhtaWhhaSIsImV4cCI6MTczNzAzODQ3MH0.YwOYHRnJQpBwypRIWjgLI6pJAXmHCNacew5RiPozu-8"}
Request received: {"token":"eyJ0eXAiOiJKV1QiLCJhbGciOiJIUzI1NiJ9.eyJ1c2VyX2lkIjoxLCJ1c2VybmFtZSI6ImFsZXhtaWhhaSIsImV4cCI6MTczNzAzODQ3MH0.YwOYHRnJQpBwypRIWjgLI6pJAXmHCNacew5RiPozu-8"}
Request received: {"token":"eyJ0eXAiOiJKV1QiLCJhbGciOiJIUzI1NiJ9.eyJ1c2VyX2lkIjoxLCJ1c2VybmFtZSI6ImFsZXhtaWhhaSIsImV4cCI6MTczNzAzODQ3MH0.YwOYHRnJQpBwypRIWjgLI6pJAXmHCNacew5RiPozu-8"}
Request received: {"token":"eyJ0eXAiOiJKV1QiLCJhbGciOiJIUzI1NiJ9.eyJ1c2VyX2lkIjoxLCJ1c2VybmFtZSI6ImFsZXhtaWhhaSIsImV4cCI6MTczNzAzODQ3MH0.YwOYHRnJQpBwypRIWjgLI6pJAXmHCNacew5RiPozu-8"}
Request received: {"token":"eyJ0eXAiOiJKV1QiLCJhbGciOiJIUzI1NiJ9.eyJ1c2VyX2lkIjoxLCJ1c2VybmFtZSI6ImFsZXhtaWhhaSIsImV4cCI6MTczNzAzODQ3MH0.YwOYHRnJQpBwypRIWjgLI6pJAXmHCNacew5RiPozu-8"}
Request received: {"token":"eyJ0eXAiOiJKV1QiLCJhbGciOiJIUzI1NiJ9.eyJ1c2VyX2lkIjoxLCJ1c2VybmFtZSI6ImFsZXhtaWhhaSIsImV4cCI6MTczNzAzODQ3MH0.YwOYHRnJQpBwypRIWjgLI6pJAXmHCNacew5RiPozu-8"}
Request received: {"token":"eyJ0eXAiOiJKV1QiLCJhbGciOiJIUzI1NiJ9.eyJ1c2VyX2lkIjoxLCJ1c2VybmFtZSI6ImFsZXhtaWhhaSIsImV4cCI6MTczNzAzODQ3MH0.YwOYHRnJQpBwypRIWjgLI6pJAXmHCNacew5RiPozu-8"}
Request received: {"token":"eyJ0eXAiOiJKV1QiLCJhbGciOiJIUzI1NiJ9.eyJ1c2VyX2lkIjoxLCJ1c2VybmFtZSI6ImFsZXhtaWhhaSIsImV4cCI6MTczNzAzODQ3MH0.YwOYHRnJQpBwypRIWjgLI6pJAXmHCNacew5RiPozu-8"}
Request received: {"token":"eyJ0eXAiOiJKV1QiLCJhbGciOiJIUzI1NiJ9.eyJ1c2VyX2lkIjoxLCJ1c2VybmFtZSI6ImFsZXhtaWhhaSIsImV4cCI6MTczNzAzODQ3MH0.YwOYHRnJQpBwypRIWjgLI6pJAXmHCNacew5RiPozu-8"}
Request received: {"token":"eyJ0eXAiOiJKV1QiLCJhbGciOiJIUzI1NiJ9.eyJ1c2VyX2lkIjoxLCJ1c2VybmFtZSI6ImFsZXhtaWhhaSIsImV4cCI6MTczNzAzODQ3MH0.YwOYHRnJQpBwypRIWjgLI6pJAXmHCNacew5RiPozu-8"}
Request received: {"token":"eyJ0eXAiOiJKV1QiLCJhbGciOiJIUzI1NiJ9.eyJ1c2VyX2lkIjoxLCJ1c2VybmFtZSI6ImFsZXhtaWhhaSIsImV4cCI6MTczNzAzODQ3MH0.YwOYHRnJQpBwypRIWjgLI6pJAXmHCNacew5RiPozu-8"}
Request received: {"token":"eyJ0eXAiOiJKV1QiLCJhbGciOiJIUzI1NiJ9.eyJ1c2VyX2lkIjoxLCJ1c2VybmFtZSI6ImFsZXhtaWhhaSIsImV4cCI6MTczNzAzODQ3MH0.YwOYHRnJQpBwypRIWjgLI6pJAXmHCNacew5RiPozu-8"}
Request received: {"token":"eyJ0eXAiOiJKV1QiLCJhbGciOiJIUzI1NiJ9.eyJ1c2VyX2lkIjoxLCJ1c2VybmFtZSI6ImFsZXhtaWhhaSIsImV4cCI6MTczNzAzODQ3MH0.YwOYHRnJQpBwypRIWjgLI6pJAXmHCNacew5RiPozu-8"}
Request received: {"token":"eyJ0eXAiOiJKV1QiLCJhbGciOiJIUzI1NiJ9.eyJ1c2VyX2lkIjoxLCJ1c2VybmFtZSI6ImFsZXhtaWhhaSIsImV4cCI6MTczNzAzODQ3MH0.YwOYHRnJQpBwypRIWjgLI6pJAXmHCNacew5RiPozu-8"}
Request received: {"token":"eyJ0eXAiOiJKV1QiLCJhbGciOiJIUzI1NiJ9.eyJ1c2VyX2lkIjoxLCJ1c2VybmFtZSI6ImFsZXhtaWhhaSIsImV4cCI6MTczNzAzODQ3MH0.YwOYHRnJQpBwypRIWjgLI6pJAXmHCNacew5RiPozu-8"}
Request received: {"token":"eyJ0eXAiOiJKV1QiLCJhbGciOiJIUzI1NiJ9.eyJ1c2VyX2lkIjoxLCJ1c2VybmFtZSI6ImFsZXhtaWhhaSIsImV4cCI6MTczNzAzODQ3MH0.YwOYHRnJQpBwypRIWjgLI6pJAXmHCNacew5RiPozu-8"}
Request received: {"token":"eyJ0eXAiOiJKV1QiLCJhbGciOiJIUzI1NiJ9.eyJ1c2VyX2lkIjoxLCJ1c2VybmFtZSI6ImFsZXhtaWhhaSIsImV4cCI6MTczNzAzODQ3MH0.YwOYHRnJQpBwypRIWjgLI6pJAXmHCNacew5RiPozu-8"}
Request received: {"token":"eyJ0eXAiOiJKV1QiLCJhbGciOiJIUzI1NiJ9.eyJ1c2VyX2lkIjoxLCJ1c2VybmFtZSI6ImFsZXhtaWhhaSIsImV4cCI6MTczNzAzODQ3MH0.YwOYHRnJQpBwypRIWjgLI6pJAXmHCNacew5RiPozu-8"}
Invalid token: Expired token
Request received: {"token":"eyJ0eXAiOiJKV1QiLCJhbGciOiJIUzI1NiJ9.eyJ1c2VyX2lkIjoxLCJ1c2VybmFtZSI6ImFsZXhtaWhhaSIsImV4cCI6MTczNzA0Nzg1NH0.gwHXhR-0fmxDjAEasXOgiOTMg2AO48CIjfucYET6dJU"}
Invalid token: Expired token
Request received: {"token":"eyJ0eXAiOiJKV1QiLCJhbGciOiJIUzI1NiJ9.eyJ1c2VyX2lkIjoxLCJ1c2VybmFtZSI6ImFsZXhtaWhhaSIsImV4cCI6MTczNzA1MzY5MX0.4D4CV5Km59C0SsuD88-9unEpr3DAX9c7AAC9lx1f6-U"}
Request received: {"token":"eyJ0eXAiOiJKV1QiLCJhbGciOiJIUzI1NiJ9.eyJ1c2VyX2lkIjoxLCJ1c2VybmFtZSI6ImFsZXhtaWhhaSIsImV4cCI6MTczNzA1MzY5MX0.4D4CV5Km59C0SsuD88-9unEpr3DAX9c7AAC9lx1f6-U"}
Request received: {"token":"eyJ0eXAiOiJKV1QiLCJhbGciOiJIUzI1NiJ9.eyJ1c2VyX2lkIjoxLCJ1c2VybmFtZSI6ImFsZXhtaWhhaSIsImV4cCI6MTczNzA1MzY5MX0.4D4CV5Km59C0SsuD88-9unEpr3DAX9c7AAC9lx1f6-U"}
Request received: {"token":"eyJ0eXAiOiJKV1QiLCJhbGciOiJIUzI1NiJ9.eyJ1c2VyX2lkIjoxLCJ1c2VybmFtZSI6ImFsZXhtaWhhaSIsImV4cCI6MTczNzA1MzY5MX0.4D4CV5Km59C0SsuD88-9unEpr3DAX9c7AAC9lx1f6-U"}
Request received: {"token":"eyJ0eXAiOiJKV1QiLCJhbGciOiJIUzI1NiJ9.eyJ1c2VyX2lkIjoxLCJ1c2VybmFtZSI6ImFsZXhtaWhhaSIsImV4cCI6MTczNzA1MzY5MX0.4D4CV5Km59C0SsuD88-9unEpr3DAX9c7AAC9lx1f6-U"}
Request received: {"token":"eyJ0eXAiOiJKV1QiLCJhbGciOiJIUzI1NiJ9.eyJ1c2VyX2lkIjoxLCJ1c2VybmFtZSI6ImFsZXhtaWhhaSIsImV4cCI6MTczNzA1MzY5MX0.4D4CV5Km59C0SsuD88-9unEpr3DAX9c7AAC9lx1f6-U"}
Request received: {"token":"eyJ0eXAiOiJKV1QiLCJhbGciOiJIUzI1NiJ9.eyJ1c2VyX2lkIjoxLCJ1c2VybmFtZSI6ImFsZXhtaWhhaSIsImV4cCI6MTczNzA1MzY5MX0.4D4CV5Km59C0SsuD88-9unEpr3DAX9c7AAC9lx1f6-U"}
Request received: {"token":"eyJ0eXAiOiJKV1QiLCJhbGciOiJIUzI1NiJ9.eyJ1c2VyX2lkIjoxLCJ1c2VybmFtZSI6ImFsZXhtaWhhaSIsImV4cCI6MTczNzA1MzY5MX0.4D4CV5Km59C0SsuD88-9unEpr3DAX9c7AAC9lx1f6-U"}
Invalid token: Expired token
